[dotenv@17.2.3] injecting env (6) from .env -- tip: ğŸ” prevent building .env in docker: https://dotenvx.com/prebuild

Running 1 test using 1 worker

ğŸ—ºï¸ Running test for state: UT (Utah)
WB Login successful
âœ… Selected producer: CHRISTINA M. BOWER
ğŸ”„ Retry 2/3: Clicking state dropdown...
ğŸ”„ Retry 3/3: Clicking state dropdown...
âŒ Failed to click state dropdown after 3 attempts: locator.click: Timeout 5000ms exceeded.
Call log:
[2m  - waiting for locator('.ui-menu.ui-widget').getByText('UT', { exact: true })[22m

âŒ State selection failed with agency 0000988. Attempting cleanup...
âœ… Cancel button clicked
ğŸ”„ Will retry with next agency/producer option...
ğŸ”„ Restarting client creation with alternative agency/producer (attempt 2/3)
âœ… Selected producer: JEFFERY S. REYNOLDS
ğŸ”„ Retry 2/3: Clicking state dropdown...
ğŸ”„ Retry 3/3: Clicking state dropdown...
âŒ Failed to click state dropdown after 3 attempts: locator.click: Timeout 5000ms exceeded.
Call log:
[2m  - waiting for locator('.ui-menu.ui-widget').getByText('UT', { exact: true })[22m

âŒ State selection failed with agency 4501307. Attempting cleanup...
âœ… Cancel button clicked
ğŸ”„ Will retry with next agency/producer option...
ğŸ”„ Restarting client creation with alternative agency/producer (attempt 3/3)
âœ… Selected producer: CHRISTINA M. BOWER
ğŸ”„ Retry 2/3: Clicking state dropdown...
ğŸ”„ Retry 3/3: Clicking state dropdown...
âŒ Failed to click state dropdown after 3 attempts: locator.click: Timeout 5000ms exceeded.
Call log:
[2m  - waiting for locator('.ui-menu.ui-widget').getByText('UT', { exact: true })[22m

âŒ State selection failed with agency 9000325. Attempting cleanup...
âœ… Cancel button clicked
âŒ All agency/producer options exhausted
âŒ Test execution failed: STATE_SELECTION_FAILED
ğŸ” Extracted number from page text: 3003180914
âŒ Test Execution Failed (104.64s)
ğŸ’¾ Test data written to test-data-UT.json with failure info
  âœ˜  1 [chromium] â€º Create_BOP.test.js:13:5 â€º Package Submission (1.8m)
ğŸ’¾ Saved iteration 15: suite=BOP, state=UT


  1) [chromium] â€º Create_BOP.test.js:13:5 â€º Package Submission â”€â”€â”€â”€â”€â”€â”€â”€â”€â”€â”€â”€â”€â”€â”€â”€â”€â”€â”€â”€â”€â”€â”€â”€â”€â”€â”€â”€â”€â”€â”€â”€â”€â”€â”€â”€â”€

    Error: STATE_SELECTION_FAILED

       at accountCreationHelper.js:125

      123 |               console.log(`âŒ Failed to click state dropdown after ${attempt} attempts: ${e.message}`);
      124 |               // State selection failed - throw to trigger outer retry with different agency/producer
    > 125 |               throw new Error('STATE_SELECTION_FAILED');
          |                     ^
      126 |             }
      127 |             await page.waitForTimeout(2000);
      128 |           }
        at createAccountAndQualify (C:\Users\amitmish\Playwright Projects\WB BOP Standard workflow\Automation_Portal\Test-Automation-Portal\accountCreationHelper.js:125:21)
        at C:\Users\amitmish\Playwright Projects\WB BOP Standard workflow\Automation_Portal\Test-Automation-Portal\Create_BOP.test.js:130:5

    attachment #1: screenshot (image/png) â”€â”€â”€â”€â”€â”€â”€â”€â”€â”€â”€â”€â”€â”€â”€â”€â”€â”€â”€â”€â”€â”€â”€â”€â”€â”€â”€â”€â”€â”€â”€â”€â”€â”€â”€â”€â”€â”€â”€â”€â”€â”€â”€â”€â”€â”€â”€â”€â”€â”€â”€â”€â”€â”€â”€â”€â”€â”€
    test-results\bop-UT\Create_BOP-Package-Submission-chromium\test-failed-1.png
    â”€â”€â”€â”€â”€â”€â”€â”€â”€â”€â”€â”€â”€â”€â”€â”€â”€â”€â”€â”€â”€â”€â”€â”€â”€â”€â”€â”€â”€â”€â”€â”€â”€â”€â”€â”€â”€â”€â”€â”€â”€â”€â”€â”€â”€â”€â”€â”€â”€â”€â”€â”€â”€â”€â”€â”€â”€â”€â”€â”€â”€â”€â”€â”€â”€â”€â”€â”€â”€â”€â”€â”€â”€â”€â”€â”€â”€â”€â”€â”€â”€â”€â”€â”€â”€â”€â”€â”€â”€â”€â”€â”€â”€â”€â”€â”€

    attachment #2: video (video/webm) â”€â”€â”€â”€â”€â”€â”€â”€â”€â”€â”€â”€â”€â”€â”€â”€â”€â”€â”€â”€â”€â”€â”€â”€â”€â”€â”€â”€â”€â”€â”€â”€â”€â”€â”€â”€â”€â”€â”€â”€â”€â”€â”€â”€â”€â”€â”€â”€â”€â”€â”€â”€â”€â”€â”€â”€â”€â”€â”€â”€â”€â”€
    test-results\bop-UT\Create_BOP-Package-Submission-chromium\video.webm
    â”€â”€â”€â”€â”€â”€â”€â”€â”€â”€â”€â”€â”€â”€â”€â”€â”€â”€â”€â”€â”€â”€â”€â”€â”€â”€â”€â”€â”€â”€â”€â”€â”€â”€â”€â”€â”€â”€â”€â”€â”€â”€â”€â”€â”€â”€â”€â”€â”€â”€â”€â”€â”€â”€â”€â”€â”€â”€â”€â”€â”€â”€â”€â”€â”€â”€â”€â”€â”€â”€â”€â”€â”€â”€â”€â”€â”€â”€â”€â”€â”€â”€â”€â”€â”€â”€â”€â”€â”€â”€â”€â”€â”€â”€â”€â”€

    Error Context: test-results\bop-UT\Create_BOP-Package-Submission-chromium\error-context.md

  1 failed
    [chromium] â€º Create_BOP.test.js:13:5 â€º Package Submission â”€â”€â”€â”€â”€â”€â”€â”€â”€â”€â”€â”€â”€â”€â”€â”€â”€â”€â”€â”€â”€â”€â”€â”€â”€â”€â”€â”€â”€â”€â”€â”€â”€â”€â”€â”€â”€â”€
â¸ï¸ Batch run detected; skipping individual email
